<?xml version="1.0" encoding="UTF-8"?>
<testsuite xmlns:xsi="http://www.w3.org/2001/XMLSchema-instance" xsi:noNamespaceSchemaLocation="https://maven.apache.org/surefire/maven-surefire-plugin/xsd/surefire-test-report-3.0.xsd" version="3.0" name="ClientHandlerTest" time="0.998" tests="4" errors="0" skipped="0" failures="0">
  <properties>
[...]
</properties>
  <testcase name="setUp" classname="ClientHandlerTest" time="0.594">
    <system-out><![CDATA[ Listo para recibir ...
El servidor no está en ejecución.
]]></system-out>
  </testcase>
  <testcase name="testPostRequest" classname="ClientHandlerTest" time="0.084">
    <system-out><![CDATA[Base directory: /C:/Users/Josue%20Rojas/Desktop/Arep/Labortorio2/target/classes/public
Solicitud: POST /submit HTTP/1.1
Contenido recibido por POST: name=John&age=30
El servidor no está en ejecución.
]]></system-out>
  </testcase>
  <testcase name="testFileNotFound" classname="ClientHandlerTest" time="0.051">
    <system-out><![CDATA[Base directory: /C:/Users/Josue%20Rojas/Desktop/Arep/Labortorio2/target/classes/public
Solicitud: GET /notfound.html HTTP/1.1
El servidor no está en ejecución.
]]></system-out>
  </testcase>
  <testcase name="testGetRequest" classname="ClientHandlerTest" time="0.058">
    <system-out><![CDATA[Base directory: /C:/Users/Josue%20Rojas/Desktop/Arep/Labortorio2/target/classes/public
Solicitud: GET /index.html HTTP/1.1
El servidor no está en ejecución.
]]></system-out>
  </testcase>
</testsuite>